d:\vs\source\repos\repos-source\credentialproviders\sampleallcontrolscredentialprovider\x64\debug\vc141.pdb
d:\vs\source\repos\repos-source\credentialproviders\sampleallcontrolscredentialprovider\x64\debug\guid.obj
d:\vs\source\repos\repos-source\credentialproviders\sampleallcontrolscredentialprovider\x64\debug\csampleprovider.obj
d:\vs\source\repos\repos-source\credentialproviders\sampleallcontrolscredentialprovider\x64\debug\csamplecredential.obj
d:\vs\source\repos\repos-source\credentialproviders\x64\debug\sampleallcontrolscredentialprovider.ilk
d:\vs\source\repos\repos-source\credentialproviders\x64\debug\sampleallcontrolscredentialprovider.dll
d:\vs\source\repos\repos-source\credentialproviders\x64\debug\sampleallcontrolscredentialprovider.pdb
d:\vs\source\repos\repos-source\credentialproviders\sampleallcontrolscredentialprovider\x64\debug\resources.res
d:\vs\source\repos\repos-source\credentialproviders\x64\debug\sampleallcontrolscredentialprovider.lib
d:\vs\source\repos\repos-source\credentialproviders\x64\debug\sampleallcontrolscredentialprovider.exp
d:\vs\source\repos\repos-source\credentialproviders\sampleallcontrolscredentialprovider\x64\debug\sampleal.7348aee0.tlog\cl.command.1.tlog
d:\vs\source\repos\repos-source\credentialproviders\sampleallcontrolscredentialprovider\x64\debug\sampleal.7348aee0.tlog\cl.read.1.tlog
d:\vs\source\repos\repos-source\credentialproviders\sampleallcontrolscredentialprovider\x64\debug\sampleal.7348aee0.tlog\cl.write.1.tlog
d:\vs\source\repos\repos-source\credentialproviders\sampleallcontrolscredentialprovider\x64\debug\sampleal.7348aee0.tlog\link.command.1.tlog
d:\vs\source\repos\repos-source\credentialproviders\sampleallcontrolscredentialprovider\x64\debug\sampleal.7348aee0.tlog\link.read.1.tlog
d:\vs\source\repos\repos-source\credentialproviders\sampleallcontrolscredentialprovider\x64\debug\sampleal.7348aee0.tlog\link.write.1.tlog
d:\vs\source\repos\repos-source\credentialproviders\sampleallcontrolscredentialprovider\x64\debug\sampleal.7348aee0.tlog\rc.command.1.tlog
d:\vs\source\repos\repos-source\credentialproviders\sampleallcontrolscredentialprovider\x64\debug\sampleal.7348aee0.tlog\rc.read.1.tlog
d:\vs\source\repos\repos-source\credentialproviders\sampleallcontrolscredentialprovider\x64\debug\sampleal.7348aee0.tlog\rc.write.1.tlog
d:\vs\source\repos\repos-source\credentialproviders\sampleallcontrolscredentialprovider\x64\debug\sampleal.7348aee0.tlog\sampleallcontrolscredentialprovider.write.1u.tlog
