c:\windowssdk7-samples-master\credentialproviders\samplehardwareeventcredentialprovider\x64\debug\vc141.pdb
c:\windowssdk7-samples-master\credentialproviders\samplehardwareeventcredentialprovider\x64\debug\messagecredential.obj
c:\windowssdk7-samples-master\credentialproviders\samplehardwareeventcredentialprovider\x64\debug\guid.obj
c:\windowssdk7-samples-master\credentialproviders\samplehardwareeventcredentialprovider\x64\debug\csampleprovider.obj
c:\windowssdk7-samples-master\credentialproviders\samplehardwareeventcredentialprovider\x64\debug\csamplecredential.obj
c:\windowssdk7-samples-master\credentialproviders\samplehardwareeventcredentialprovider\x64\debug\commandwindow.obj
c:\windowssdk7-samples-master\credentialproviders\x64\debug\samplehardwareeventcredentialprovider.ilk
c:\windowssdk7-samples-master\credentialproviders\x64\debug\samplehardwareeventcredentialprovider.dll
c:\windowssdk7-samples-master\credentialproviders\x64\debug\samplehardwareeventcredentialprovider.pdb
c:\windowssdk7-samples-master\credentialproviders\samplehardwareeventcredentialprovider\x64\debug\resources.res
c:\windowssdk7-samples-master\credentialproviders\x64\debug\samplehardwareeventcredentialprovider.lib
c:\windowssdk7-samples-master\credentialproviders\x64\debug\samplehardwareeventcredentialprovider.exp
v:\source\workspaces\jsmingzi1\credentialproviders\samplehardwareeventcredentialprovider\x64\debug\commandwindow.obj
v:\source\workspaces\jsmingzi1\credentialproviders\samplehardwareeventcredentialprovider\x64\debug\csamplecredential.obj
v:\source\workspaces\jsmingzi1\credentialproviders\samplehardwareeventcredentialprovider\x64\debug\csampleprovider.obj
v:\source\workspaces\jsmingzi1\credentialproviders\samplehardwareeventcredentialprovider\x64\debug\guid.obj
v:\source\workspaces\jsmingzi1\credentialproviders\samplehardwareeventcredentialprovider\x64\debug\messagecredential.obj
v:\source\workspaces\jsmingzi1\credentialproviders\samplehardwareeventcredentialprovider\x64\debug\resources.res
v:\source\workspaces\jsmingzi1\credentialproviders\samplehardwareeventcredentialprovider\x64\debug\vc141.pdb
v:\source\workspaces\jsmingzi1\credentialproviders\x64\debug\samplehardwareeventcredentialprovider.pdb
v:\source\workspaces\jsmingzi1\credentialproviders\x64\debug\samplehardwareeventcredentialprovider.dll
v:\source\workspaces\jsmingzi1\credentialproviders\x64\debug\samplehardwareeventcredentialprovider.ilk
v:\source\workspaces\jsmingzi1\credentialproviders\samplehardwareeventcredentialprovider\x64\debug\sampleha.b62652d4.tlog\cl.command.1.tlog
v:\source\workspaces\jsmingzi1\credentialproviders\samplehardwareeventcredentialprovider\x64\debug\sampleha.b62652d4.tlog\cl.read.1.tlog
v:\source\workspaces\jsmingzi1\credentialproviders\samplehardwareeventcredentialprovider\x64\debug\sampleha.b62652d4.tlog\cl.write.1.tlog
v:\source\workspaces\jsmingzi1\credentialproviders\samplehardwareeventcredentialprovider\x64\debug\sampleha.b62652d4.tlog\link.command.1.tlog
v:\source\workspaces\jsmingzi1\credentialproviders\samplehardwareeventcredentialprovider\x64\debug\sampleha.b62652d4.tlog\link.read.1.tlog
v:\source\workspaces\jsmingzi1\credentialproviders\samplehardwareeventcredentialprovider\x64\debug\sampleha.b62652d4.tlog\link.write.1.tlog
v:\source\workspaces\jsmingzi1\credentialproviders\samplehardwareeventcredentialprovider\x64\debug\sampleha.b62652d4.tlog\rc.command.1.tlog
v:\source\workspaces\jsmingzi1\credentialproviders\samplehardwareeventcredentialprovider\x64\debug\sampleha.b62652d4.tlog\rc.read.1.tlog
v:\source\workspaces\jsmingzi1\credentialproviders\samplehardwareeventcredentialprovider\x64\debug\sampleha.b62652d4.tlog\rc.write.1.tlog
v:\source\workspaces\jsmingzi1\credentialproviders\samplehardwareeventcredentialprovider\x64\debug\sampleha.b62652d4.tlog\samplehardwareeventcredentialprovider.write.1u.tlog
