c:\windowssdk7-samples-master\credentialproviders\samplecreduicredentialprovider\x64\debug\vc141.pdb
c:\windowssdk7-samples-master\credentialproviders\samplecreduicredentialprovider\x64\debug\guid.obj
c:\windowssdk7-samples-master\credentialproviders\samplecreduicredentialprovider\x64\debug\csampleprovider.obj
c:\windowssdk7-samples-master\credentialproviders\samplecreduicredentialprovider\x64\debug\csamplecredential.obj
c:\windowssdk7-samples-master\credentialproviders\x64\debug\samplecreduicredentialprovider.ilk
c:\windowssdk7-samples-master\credentialproviders\x64\debug\samplecreduicredentialprovider.dll
c:\windowssdk7-samples-master\credentialproviders\x64\debug\samplecreduicredentialprovider.pdb
c:\windowssdk7-samples-master\credentialproviders\samplecreduicredentialprovider\x64\debug\resources.res
c:\windowssdk7-samples-master\credentialproviders\x64\debug\samplecreduicredentialprovider.lib
c:\windowssdk7-samples-master\credentialproviders\x64\debug\samplecreduicredentialprovider.exp
v:\source\workspaces\jsmingzi1\credentialproviders\samplecreduicredentialprovider\x64\debug\csamplecredential.obj
v:\source\workspaces\jsmingzi1\credentialproviders\samplecreduicredentialprovider\x64\debug\csampleprovider.obj
v:\source\workspaces\jsmingzi1\credentialproviders\samplecreduicredentialprovider\x64\debug\guid.obj
v:\source\workspaces\jsmingzi1\credentialproviders\samplecreduicredentialprovider\x64\debug\resources.res
v:\source\workspaces\jsmingzi1\credentialproviders\samplecreduicredentialprovider\x64\debug\vc141.pdb
v:\source\workspaces\jsmingzi1\credentialproviders\x64\debug\samplecreduicredentialprovider.pdb
v:\source\workspaces\jsmingzi1\credentialproviders\x64\debug\samplecreduicredentialprovider.dll
v:\source\workspaces\jsmingzi1\credentialproviders\x64\debug\samplecreduicredentialprovider.ilk
v:\source\workspaces\jsmingzi1\credentialproviders\samplecreduicredentialprovider\x64\debug\samplecr.4cf507a2.tlog\cl.command.1.tlog
v:\source\workspaces\jsmingzi1\credentialproviders\samplecreduicredentialprovider\x64\debug\samplecr.4cf507a2.tlog\cl.read.1.tlog
v:\source\workspaces\jsmingzi1\credentialproviders\samplecreduicredentialprovider\x64\debug\samplecr.4cf507a2.tlog\cl.write.1.tlog
v:\source\workspaces\jsmingzi1\credentialproviders\samplecreduicredentialprovider\x64\debug\samplecr.4cf507a2.tlog\link.command.1.tlog
v:\source\workspaces\jsmingzi1\credentialproviders\samplecreduicredentialprovider\x64\debug\samplecr.4cf507a2.tlog\link.read.1.tlog
v:\source\workspaces\jsmingzi1\credentialproviders\samplecreduicredentialprovider\x64\debug\samplecr.4cf507a2.tlog\link.write.1.tlog
v:\source\workspaces\jsmingzi1\credentialproviders\samplecreduicredentialprovider\x64\debug\samplecr.4cf507a2.tlog\rc.command.1.tlog
v:\source\workspaces\jsmingzi1\credentialproviders\samplecreduicredentialprovider\x64\debug\samplecr.4cf507a2.tlog\rc.read.1.tlog
v:\source\workspaces\jsmingzi1\credentialproviders\samplecreduicredentialprovider\x64\debug\samplecr.4cf507a2.tlog\rc.write.1.tlog
v:\source\workspaces\jsmingzi1\credentialproviders\samplecreduicredentialprovider\x64\debug\samplecr.4cf507a2.tlog\samplecreduicredentialprovider.write.1u.tlog
