  CSampleCredential.cpp
  CSampleProvider.cpp
  CWrappedCredentialEvents.cpp
  guid.cpp
  正在生成代码...
  
  正在搜索库
      正在搜索 C:\Program Files (x86)\Windows Kits\10\lib\10.0.16299.0\um\x64\secur32.lib:
      正在搜索 C:\Program Files (x86)\Windows Kits\10\lib\10.0.16299.0\um\x64\shlwapi.lib:
      正在搜索 C:\Program Files (x86)\Windows Kits\10\lib\10.0.16299.0\um\x64\gdi32.lib:
      正在搜索 C:\Program Files (x86)\Windows Kits\10\lib\10.0.16299.0\um\x64\ole32.lib:
      正在搜索 C:\Program Files (x86)\Windows Kits\10\lib\10.0.16299.0\um\x64\user32.lib:
      正在搜索 C:\Program Files (x86)\Windows Kits\10\lib\10.0.16299.0\um\x64\advapi32.lib:
      正在搜索 C:\Program Files (x86)\Windows Kits\10\lib\10.0.16299.0\um\x64\credui.lib:
      正在搜索 C:\Program Files (x86)\Windows Kits\10\lib\10.0.16299.0\um\x64\kernel32.lib:
      正在搜索 C:\Program Files (x86)\Windows Kits\10\lib\10.0.16299.0\um\x64\winspool.lib:
      正在搜索 C:\Program Files (x86)\Windows Kits\10\lib\10.0.16299.0\um\x64\comdlg32.lib:
      正在搜索 C:\Program Files (x86)\Windows Kits\10\lib\10.0.16299.0\um\x64\shell32.lib:
      正在搜索 C:\Program Files (x86)\Windows Kits\10\lib\10.0.16299.0\um\x64\oleaut32.lib:
      正在搜索 C:\Program Files (x86)\Windows Kits\10\lib\10.0.16299.0\um\x64\uuid.lib:
      正在搜索 C:\Program Files (x86)\Windows Kits\10\lib\10.0.16299.0\um\x64\odbc32.lib:
      正在搜索 C:\Program Files (x86)\Windows Kits\10\lib\10.0.16299.0\um\x64\odbccp32.lib:
      正在搜索 D:\VS\source\repos\repos-source\credentialproviders\x64\Debug\Helpers.lib:
      正在搜索 D:\Program Files (x86)\Microsoft Visual Studio\2017\Community\VC\Tools\MSVC\14.13.26128\lib\x64\MSVCRT.lib:
      正在搜索 D:\Program Files (x86)\Microsoft Visual Studio\2017\Community\VC\Tools\MSVC\14.13.26128\lib\x64\OLDNAMES.lib:
      正在搜索 D:\Program Files (x86)\Microsoft Visual Studio\2017\Community\VC\Tools\MSVC\14.13.26128\lib\x64\vcruntime.lib:
      正在搜索 C:\Program Files (x86)\Windows Kits\10\lib\10.0.16299.0\ucrt\x64\ucrt.lib:
      正在搜索 C:\Program Files (x86)\Windows Kits\10\lib\10.0.16299.0\um\x64\secur32.lib:
      正在搜索 C:\Program Files (x86)\Windows Kits\10\lib\10.0.16299.0\um\x64\shlwapi.lib:
      正在搜索 C:\Program Files (x86)\Windows Kits\10\lib\10.0.16299.0\um\x64\gdi32.lib:
      正在搜索 C:\Program Files (x86)\Windows Kits\10\lib\10.0.16299.0\um\x64\ole32.lib:
      正在搜索 C:\Program Files (x86)\Windows Kits\10\lib\10.0.16299.0\um\x64\user32.lib:
      正在搜索 C:\Program Files (x86)\Windows Kits\10\lib\10.0.16299.0\um\x64\advapi32.lib:
      正在搜索 C:\Program Files (x86)\Windows Kits\10\lib\10.0.16299.0\um\x64\credui.lib:
      正在搜索 C:\Program Files (x86)\Windows Kits\10\lib\10.0.16299.0\um\x64\kernel32.lib:
      正在搜索 C:\Program Files (x86)\Windows Kits\10\lib\10.0.16299.0\um\x64\winspool.lib:
      正在搜索 C:\Program Files (x86)\Windows Kits\10\lib\10.0.16299.0\um\x64\comdlg32.lib:
      正在搜索 C:\Program Files (x86)\Windows Kits\10\lib\10.0.16299.0\um\x64\shell32.lib:
      正在搜索 C:\Program Files (x86)\Windows Kits\10\lib\10.0.16299.0\um\x64\oleaut32.lib:
      正在搜索 C:\Program Files (x86)\Windows Kits\10\lib\10.0.16299.0\um\x64\uuid.lib:
      正在搜索 C:\Program Files (x86)\Windows Kits\10\lib\10.0.16299.0\um\x64\odbc32.lib:
      正在搜索 C:\Program Files (x86)\Windows Kits\10\lib\10.0.16299.0\um\x64\odbccp32.lib:
      正在搜索 D:\VS\source\repos\repos-source\credentialproviders\x64\Debug\Helpers.lib:
      正在搜索 D:\Program Files (x86)\Microsoft Visual Studio\2017\Community\VC\Tools\MSVC\14.13.26128\lib\x64\MSVCRT.lib:
      正在搜索 D:\Program Files (x86)\Microsoft Visual Studio\2017\Community\VC\Tools\MSVC\14.13.26128\lib\x64\OLDNAMES.lib:
      正在搜索 D:\Program Files (x86)\Microsoft Visual Studio\2017\Community\VC\Tools\MSVC\14.13.26128\lib\x64\vcruntime.lib:
      正在搜索 C:\Program Files (x86)\Windows Kits\10\lib\10.0.16299.0\ucrt\x64\ucrt.lib:
      正在搜索 C:\Program Files (x86)\Windows Kits\10\lib\10.0.16299.0\um\x64\secur32.lib:
      正在搜索 C:\Program Files (x86)\Windows Kits\10\lib\10.0.16299.0\um\x64\shlwapi.lib:
      正在搜索 C:\Program Files (x86)\Windows Kits\10\lib\10.0.16299.0\um\x64\gdi32.lib:
      正在搜索 C:\Program Files (x86)\Windows Kits\10\lib\10.0.16299.0\um\x64\ole32.lib:
      正在搜索 C:\Program Files (x86)\Windows Kits\10\lib\10.0.16299.0\um\x64\user32.lib:
      正在搜索 C:\Program Files (x86)\Windows Kits\10\lib\10.0.16299.0\um\x64\advapi32.lib:
  
  已完成库搜索
    正在创建库 D:\VS\source\repos\repos-source\credentialproviders\x64\Debug\SampleWrapExistingCredentialProvider.lib 和对象 D:\VS\source\repos\repos-source\credentialproviders\x64\Debug\SampleWrapExistingCredentialProvider.exp
  
  正在搜索库
      正在搜索 C:\Program Files (x86)\Windows Kits\10\lib\10.0.16299.0\um\x64\secur32.lib:
      正在搜索 C:\Program Files (x86)\Windows Kits\10\lib\10.0.16299.0\um\x64\shlwapi.lib:
      正在搜索 C:\Program Files (x86)\Windows Kits\10\lib\10.0.16299.0\um\x64\gdi32.lib:
      正在搜索 C:\Program Files (x86)\Windows Kits\10\lib\10.0.16299.0\um\x64\ole32.lib:
      正在搜索 C:\Program Files (x86)\Windows Kits\10\lib\10.0.16299.0\um\x64\user32.lib:
      正在搜索 C:\Program Files (x86)\Windows Kits\10\lib\10.0.16299.0\um\x64\advapi32.lib:
      正在搜索 C:\Program Files (x86)\Windows Kits\10\lib\10.0.16299.0\um\x64\credui.lib:
      正在搜索 C:\Program Files (x86)\Windows Kits\10\lib\10.0.16299.0\um\x64\kernel32.lib:
      正在搜索 C:\Program Files (x86)\Windows Kits\10\lib\10.0.16299.0\um\x64\winspool.lib:
      正在搜索 C:\Program Files (x86)\Windows Kits\10\lib\10.0.16299.0\um\x64\comdlg32.lib:
      正在搜索 C:\Program Files (x86)\Windows Kits\10\lib\10.0.16299.0\um\x64\shell32.lib:
      正在搜索 C:\Program Files (x86)\Windows Kits\10\lib\10.0.16299.0\um\x64\oleaut32.lib:
      正在搜索 C:\Program Files (x86)\Windows Kits\10\lib\10.0.16299.0\um\x64\uuid.lib:
      正在搜索 C:\Program Files (x86)\Windows Kits\10\lib\10.0.16299.0\um\x64\odbc32.lib:
      正在搜索 C:\Program Files (x86)\Windows Kits\10\lib\10.0.16299.0\um\x64\odbccp32.lib:
      正在搜索 D:\VS\source\repos\repos-source\credentialproviders\x64\Debug\Helpers.lib:
      正在搜索 D:\Program Files (x86)\Microsoft Visual Studio\2017\Community\VC\Tools\MSVC\14.13.26128\lib\x64\MSVCRT.lib:
      正在搜索 D:\Program Files (x86)\Microsoft Visual Studio\2017\Community\VC\Tools\MSVC\14.13.26128\lib\x64\OLDNAMES.lib:
      正在搜索 D:\Program Files (x86)\Microsoft Visual Studio\2017\Community\VC\Tools\MSVC\14.13.26128\lib\x64\vcruntime.lib:
      正在搜索 C:\Program Files (x86)\Windows Kits\10\lib\10.0.16299.0\ucrt\x64\ucrt.lib:
  
  已完成库搜索
  
  正在搜索库
      正在搜索 C:\Program Files (x86)\Windows Kits\10\lib\10.0.16299.0\um\x64\secur32.lib:
      正在搜索 C:\Program Files (x86)\Windows Kits\10\lib\10.0.16299.0\um\x64\shlwapi.lib:
      正在搜索 C:\Program Files (x86)\Windows Kits\10\lib\10.0.16299.0\um\x64\gdi32.lib:
      正在搜索 C:\Program Files (x86)\Windows Kits\10\lib\10.0.16299.0\um\x64\ole32.lib:
      正在搜索 C:\Program Files (x86)\Windows Kits\10\lib\10.0.16299.0\um\x64\user32.lib:
      正在搜索 C:\Program Files (x86)\Windows Kits\10\lib\10.0.16299.0\um\x64\advapi32.lib:
      正在搜索 C:\Program Files (x86)\Windows Kits\10\lib\10.0.16299.0\um\x64\credui.lib:
      正在搜索 C:\Program Files (x86)\Windows Kits\10\lib\10.0.16299.0\um\x64\kernel32.lib:
      正在搜索 C:\Program Files (x86)\Windows Kits\10\lib\10.0.16299.0\um\x64\winspool.lib:
      正在搜索 C:\Program Files (x86)\Windows Kits\10\lib\10.0.16299.0\um\x64\comdlg32.lib:
      正在搜索 C:\Program Files (x86)\Windows Kits\10\lib\10.0.16299.0\um\x64\shell32.lib:
      正在搜索 C:\Program Files (x86)\Windows Kits\10\lib\10.0.16299.0\um\x64\oleaut32.lib:
      正在搜索 C:\Program Files (x86)\Windows Kits\10\lib\10.0.16299.0\um\x64\uuid.lib:
      正在搜索 C:\Program Files (x86)\Windows Kits\10\lib\10.0.16299.0\um\x64\odbc32.lib:
      正在搜索 C:\Program Files (x86)\Windows Kits\10\lib\10.0.16299.0\um\x64\odbccp32.lib:
      正在搜索 D:\VS\source\repos\repos-source\credentialproviders\x64\Debug\Helpers.lib:
      正在搜索 D:\Program Files (x86)\Microsoft Visual Studio\2017\Community\VC\Tools\MSVC\14.13.26128\lib\x64\MSVCRT.lib:
      正在搜索 D:\Program Files (x86)\Microsoft Visual Studio\2017\Community\VC\Tools\MSVC\14.13.26128\lib\x64\OLDNAMES.lib:
      正在搜索 D:\Program Files (x86)\Microsoft Visual Studio\2017\Community\VC\Tools\MSVC\14.13.26128\lib\x64\vcruntime.lib:
      正在搜索 C:\Program Files (x86)\Windows Kits\10\lib\10.0.16299.0\ucrt\x64\ucrt.lib:
  
  已完成库搜索
  
  正在搜索库
      正在搜索 C:\Program Files (x86)\Windows Kits\10\lib\10.0.16299.0\um\x64\secur32.lib:
      正在搜索 C:\Program Files (x86)\Windows Kits\10\lib\10.0.16299.0\um\x64\shlwapi.lib:
      正在搜索 C:\Program Files (x86)\Windows Kits\10\lib\10.0.16299.0\um\x64\gdi32.lib:
      正在搜索 C:\Program Files (x86)\Windows Kits\10\lib\10.0.16299.0\um\x64\ole32.lib:
      正在搜索 C:\Program Files (x86)\Windows Kits\10\lib\10.0.16299.0\um\x64\user32.lib:
      正在搜索 C:\Program Files (x86)\Windows Kits\10\lib\10.0.16299.0\um\x64\advapi32.lib:
      正在搜索 C:\Program Files (x86)\Windows Kits\10\lib\10.0.16299.0\um\x64\credui.lib:
      正在搜索 C:\Program Files (x86)\Windows Kits\10\lib\10.0.16299.0\um\x64\kernel32.lib:
      正在搜索 C:\Program Files (x86)\Windows Kits\10\lib\10.0.16299.0\um\x64\winspool.lib:
      正在搜索 C:\Program Files (x86)\Windows Kits\10\lib\10.0.16299.0\um\x64\comdlg32.lib:
      正在搜索 C:\Program Files (x86)\Windows Kits\10\lib\10.0.16299.0\um\x64\shell32.lib:
      正在搜索 C:\Program Files (x86)\Windows Kits\10\lib\10.0.16299.0\um\x64\oleaut32.lib:
      正在搜索 C:\Program Files (x86)\Windows Kits\10\lib\10.0.16299.0\um\x64\uuid.lib:
      正在搜索 C:\Program Files (x86)\Windows Kits\10\lib\10.0.16299.0\um\x64\odbc32.lib:
      正在搜索 C:\Program Files (x86)\Windows Kits\10\lib\10.0.16299.0\um\x64\odbccp32.lib:
      正在搜索 D:\VS\source\repos\repos-source\credentialproviders\x64\Debug\Helpers.lib:
      正在搜索 D:\Program Files (x86)\Microsoft Visual Studio\2017\Community\VC\Tools\MSVC\14.13.26128\lib\x64\MSVCRT.lib:
  
  已完成库搜索
  SampleWrapExistingCredentialProvider.vcxproj -> D:\VS\source\repos\repos-source\credentialproviders\x64\Debug\SampleWrapExistingCredentialProvider.dll
