c:\windowssdk7-samples-master\credentialproviders\samplewrapexistingcredentialprovider\x64\debug\vc141.pdb
c:\windowssdk7-samples-master\credentialproviders\samplewrapexistingcredentialprovider\x64\debug\guid.obj
c:\windowssdk7-samples-master\credentialproviders\samplewrapexistingcredentialprovider\x64\debug\cwrappedcredentialevents.obj
c:\windowssdk7-samples-master\credentialproviders\samplewrapexistingcredentialprovider\x64\debug\csampleprovider.obj
c:\windowssdk7-samples-master\credentialproviders\samplewrapexistingcredentialprovider\x64\debug\csamplecredential.obj
c:\windowssdk7-samples-master\credentialproviders\x64\debug\samplewrapexistingcredentialprovider.ilk
c:\windowssdk7-samples-master\credentialproviders\x64\debug\samplewrapexistingcredentialprovider.dll
c:\windowssdk7-samples-master\credentialproviders\x64\debug\samplewrapexistingcredentialprovider.pdb
c:\windowssdk7-samples-master\credentialproviders\samplewrapexistingcredentialprovider\x64\debug\resources.res
c:\windowssdk7-samples-master\credentialproviders\x64\debug\samplewrapexistingcredentialprovider.lib
c:\windowssdk7-samples-master\credentialproviders\x64\debug\samplewrapexistingcredentialprovider.exp
v:\source\workspaces\jsmingzi1\credentialproviders\samplewrapexistingcredentialprovider\x64\debug\csamplecredential.obj
v:\source\workspaces\jsmingzi1\credentialproviders\samplewrapexistingcredentialprovider\x64\debug\csampleprovider.obj
v:\source\workspaces\jsmingzi1\credentialproviders\samplewrapexistingcredentialprovider\x64\debug\cwrappedcredentialevents.obj
v:\source\workspaces\jsmingzi1\credentialproviders\samplewrapexistingcredentialprovider\x64\debug\guid.obj
v:\source\workspaces\jsmingzi1\credentialproviders\samplewrapexistingcredentialprovider\x64\debug\resources.res
v:\source\workspaces\jsmingzi1\credentialproviders\samplewrapexistingcredentialprovider\x64\debug\vc141.pdb
v:\source\workspaces\jsmingzi1\credentialproviders\x64\debug\samplewrapexistingcredentialprovider.pdb
v:\source\workspaces\jsmingzi1\credentialproviders\x64\debug\samplewrapexistingcredentialprovider.dll
v:\source\workspaces\jsmingzi1\credentialproviders\x64\debug\samplewrapexistingcredentialprovider.ilk
v:\source\workspaces\jsmingzi1\credentialproviders\samplewrapexistingcredentialprovider\x64\debug\samplewr.c2d61ba4.tlog\cl.command.1.tlog
v:\source\workspaces\jsmingzi1\credentialproviders\samplewrapexistingcredentialprovider\x64\debug\samplewr.c2d61ba4.tlog\cl.read.1.tlog
v:\source\workspaces\jsmingzi1\credentialproviders\samplewrapexistingcredentialprovider\x64\debug\samplewr.c2d61ba4.tlog\cl.write.1.tlog
v:\source\workspaces\jsmingzi1\credentialproviders\samplewrapexistingcredentialprovider\x64\debug\samplewr.c2d61ba4.tlog\link.command.1.tlog
v:\source\workspaces\jsmingzi1\credentialproviders\samplewrapexistingcredentialprovider\x64\debug\samplewr.c2d61ba4.tlog\link.read.1.tlog
v:\source\workspaces\jsmingzi1\credentialproviders\samplewrapexistingcredentialprovider\x64\debug\samplewr.c2d61ba4.tlog\link.write.1.tlog
v:\source\workspaces\jsmingzi1\credentialproviders\samplewrapexistingcredentialprovider\x64\debug\samplewr.c2d61ba4.tlog\rc.command.1.tlog
v:\source\workspaces\jsmingzi1\credentialproviders\samplewrapexistingcredentialprovider\x64\debug\samplewr.c2d61ba4.tlog\rc.read.1.tlog
v:\source\workspaces\jsmingzi1\credentialproviders\samplewrapexistingcredentialprovider\x64\debug\samplewr.c2d61ba4.tlog\rc.write.1.tlog
v:\source\workspaces\jsmingzi1\credentialproviders\samplewrapexistingcredentialprovider\x64\debug\samplewr.c2d61ba4.tlog\samplewrapexistingcredentialprovider.write.1u.tlog
