c:\windowssdk7-samples-master\credentialproviders\samplecredentialprovider\x64\debug\vc141.pdb
c:\windowssdk7-samples-master\credentialproviders\samplecredentialprovider\x64\debug\guid.obj
c:\windowssdk7-samples-master\credentialproviders\samplecredentialprovider\x64\debug\csampleprovider.obj
c:\windowssdk7-samples-master\credentialproviders\samplecredentialprovider\x64\debug\csamplecredential.obj
c:\windowssdk7-samples-master\credentialproviders\x64\debug\samplecredentialprovider.dll
c:\windowssdk7-samples-master\credentialproviders\x64\debug\samplecredentialprovider.pdb
c:\windowssdk7-samples-master\credentialproviders\samplecredentialprovider\x64\debug\resources.res
c:\windowssdk7-samples-master\credentialproviders\x64\debug\samplecredentialprovider.lib
c:\windowssdk7-samples-master\credentialproviders\x64\debug\samplecredentialprovider.exp
v:\source\workspaces\jsmingzi1\credentialproviders\samplecredentialprovider\x64\debug\csamplecredential.obj
v:\source\workspaces\jsmingzi1\credentialproviders\samplecredentialprovider\x64\debug\csampleprovider.obj
v:\source\workspaces\jsmingzi1\credentialproviders\samplecredentialprovider\x64\debug\guid.obj
v:\source\workspaces\jsmingzi1\credentialproviders\samplecredentialprovider\x64\debug\resources.res
v:\source\workspaces\jsmingzi1\credentialproviders\samplecredentialprovider\x64\debug\vc141.pdb
v:\source\workspaces\jsmingzi1\credentialproviders\x64\debug\samplecredentialprovider.pdb
v:\source\workspaces\jsmingzi1\credentialproviders\x64\debug\samplecredentialprovider.dll
v:\source\workspaces\jsmingzi1\credentialproviders\samplecredentialprovider\x64\debug\samplecr.2df895c3.tlog\cl.command.1.tlog
v:\source\workspaces\jsmingzi1\credentialproviders\samplecredentialprovider\x64\debug\samplecr.2df895c3.tlog\cl.read.1.tlog
v:\source\workspaces\jsmingzi1\credentialproviders\samplecredentialprovider\x64\debug\samplecr.2df895c3.tlog\cl.write.1.tlog
v:\source\workspaces\jsmingzi1\credentialproviders\samplecredentialprovider\x64\debug\samplecr.2df895c3.tlog\link.command.1.tlog
v:\source\workspaces\jsmingzi1\credentialproviders\samplecredentialprovider\x64\debug\samplecr.2df895c3.tlog\link.read.1.tlog
v:\source\workspaces\jsmingzi1\credentialproviders\samplecredentialprovider\x64\debug\samplecr.2df895c3.tlog\link.write.1.tlog
v:\source\workspaces\jsmingzi1\credentialproviders\samplecredentialprovider\x64\debug\samplecr.2df895c3.tlog\rc.command.1.tlog
v:\source\workspaces\jsmingzi1\credentialproviders\samplecredentialprovider\x64\debug\samplecr.2df895c3.tlog\rc.read.1.tlog
v:\source\workspaces\jsmingzi1\credentialproviders\samplecredentialprovider\x64\debug\samplecr.2df895c3.tlog\rc.write.1.tlog
v:\source\workspaces\jsmingzi1\credentialproviders\samplecredentialprovider\x64\debug\samplecr.2df895c3.tlog\samplecredentialprovider.write.1u.tlog
